<?xml version="1.0" encoding="UTF-8"?>
<!-- Generated by org.testng.reporters.JUnitReportReporter -->
<testsuite hostname="DESKTOP-N9TISM2" failures="0" tests="1" name="com.qa.testscripts.TC_dataEntry" time="1.111" errors="0" timestamp="2022-04-09T20:19:48 IST" skipped="0">
  <testcase classname="com.qa.testscripts.TC_dataEntry" name="enterData" time="1.111"/>
  <system-out/>
</testsuite> <!-- com.qa.testscripts.TC_dataEntry -->
